<?xml version="1.0" encoding="UTF-8"?>
<coverage generated="1688062132153" clover="3.2.0">
  <project timestamp="1688062132153" name="All files">
    <metrics statements="110" coveredstatements="110" conditionals="35" coveredconditionals="33" methods="8" coveredmethods="8" elements="153" coveredelements="151" complexity="0" loc="110" ncloc="110" packages="2" files="3" classes="3"/>
    <package name="src">
      <metrics statements="55" coveredstatements="55" conditionals="23" coveredconditionals="21" methods="2" coveredmethods="2"/>
      <file name="canReconfigure.js" path="C:\Github\learnVitest\src\canReconfigure.js">
        <metrics statements="24" coveredstatements="24" conditionals="14" coveredconditionals="13" methods="1" coveredmethods="1"/>
        <line num="1" count="1" type="cond" truecount="1" falsecount="0"/>
        <line num="2" count="8" type="cond" truecount="1" falsecount="0"/>
        <line num="3" count="8" type="cond" truecount="2" falsecount="0"/>
        <line num="4" count="5" type="cond" truecount="1" falsecount="0"/>
        <line num="5" count="5" type="stmt"/>
        <line num="6" count="8" type="cond" truecount="1" falsecount="0"/>
        <line num="7" count="3" type="cond" truecount="1" falsecount="0"/>
        <line num="8" count="3" type="stmt"/>
        <line num="9" count="3" type="stmt"/>
        <line num="10" count="8" type="cond" truecount="0" falsecount="1"/>
        <line num="11" count="3" type="cond" truecount="1" falsecount="0"/>
        <line num="12" count="3" type="stmt"/>
        <line num="13" count="3" type="stmt"/>
        <line num="14" count="8" type="cond" truecount="1" falsecount="0"/>
        <line num="15" count="9" type="stmt"/>
        <line num="16" count="9" type="stmt"/>
        <line num="17" count="9" type="stmt"/>
        <line num="18" count="9" type="cond" truecount="2" falsecount="0"/>
        <line num="19" count="8" type="cond" truecount="1" falsecount="0"/>
        <line num="20" count="8" type="stmt"/>
        <line num="21" count="8" type="stmt"/>
        <line num="22" count="2" type="cond" truecount="1" falsecount="0"/>
        <line num="23" count="2" type="stmt"/>
        <line num="24" count="2" type="stmt"/>
      </file>
      <file name="fizzbuzz.js" path="C:\Github\learnVitest\src\fizzbuzz.js">
        <metrics statements="31" coveredstatements="31" conditionals="9" coveredconditionals="8" methods="1" coveredmethods="1"/>
        <line num="1" count="1" type="cond" truecount="1" falsecount="0"/>
        <line num="2" count="12" type="cond" truecount="1" falsecount="0"/>
        <line num="3" count="11" type="cond" truecount="1" falsecount="0"/>
        <line num="4" count="12" type="cond" truecount="1" falsecount="0"/>
        <line num="5" count="10" type="cond" truecount="1" falsecount="0"/>
        <line num="6" count="10" type="stmt"/>
        <line num="7" count="10" type="stmt"/>
        <line num="8" count="10" type="stmt"/>
        <line num="9" count="10" type="stmt"/>
        <line num="10" count="10" type="cond" truecount="1" falsecount="0"/>
        <line num="11" count="30" type="cond" truecount="1" falsecount="0"/>
        <line num="12" count="10" type="stmt"/>
        <line num="13" count="10" type="stmt"/>
        <line num="14" count="10" type="stmt"/>
        <line num="15" count="10" type="stmt"/>
        <line num="16" count="10" type="stmt"/>
        <line num="17" count="10" type="stmt"/>
        <line num="18" count="10" type="stmt"/>
        <line num="19" count="10" type="stmt"/>
        <line num="20" count="10" type="stmt"/>
        <line num="21" count="12" type="cond" truecount="1" falsecount="1"/>
        <line num="22" count="12" type="stmt"/>
        <line num="23" count="1" type="stmt"/>
        <line num="24" count="1" type="stmt"/>
        <line num="25" count="1" type="stmt"/>
        <line num="26" count="1" type="stmt"/>
        <line num="27" count="1" type="stmt"/>
        <line num="28" count="1" type="stmt"/>
        <line num="29" count="1" type="stmt"/>
        <line num="30" count="1" type="stmt"/>
        <line num="31" count="1" type="stmt"/>
      </file>
    </package>
    <package name="src.Components">
      <metrics statements="55" coveredstatements="55" conditionals="12" coveredconditionals="12" methods="6" coveredmethods="6"/>
      <file name="Calculator.jsx" path="C:\Github\learnVitest\src\Components\Calculator.jsx">
        <metrics statements="55" coveredstatements="55" conditionals="12" coveredconditionals="12" methods="6" coveredmethods="6"/>
        <line num="1" count="1" type="stmt"/>
        <line num="2" count="1" type="stmt"/>
        <line num="3" count="1" type="stmt"/>
        <line num="4" count="1" type="stmt"/>
        <line num="5" count="1" type="stmt"/>
        <line num="6" count="1" type="stmt"/>
        <line num="7" count="1" type="stmt"/>
        <line num="8" count="1" type="stmt"/>
        <line num="9" count="1" type="stmt"/>
        <line num="10" count="1" type="stmt"/>
        <line num="11" count="1" type="stmt"/>
        <line num="12" count="1" type="cond" truecount="1" falsecount="0"/>
        <line num="13" count="22" type="stmt"/>
        <line num="14" count="22" type="stmt"/>
        <line num="15" count="22" type="cond" truecount="2" falsecount="0"/>
        <line num="16" count="22" type="stmt"/>
        <line num="17" count="22" type="cond" truecount="2" falsecount="0"/>
        <line num="18" count="22" type="stmt"/>
        <line num="19" count="22" type="cond" truecount="2" falsecount="0"/>
        <line num="20" count="2" type="stmt"/>
        <line num="21" count="22" type="stmt"/>
        <line num="22" count="22" type="cond" truecount="1" falsecount="0"/>
        <line num="23" count="22" type="cond" truecount="1" falsecount="0"/>
        <line num="24" count="88" type="stmt"/>
        <line num="25" count="88" type="stmt"/>
        <line num="26" count="88" type="stmt"/>
        <line num="27" count="88" type="stmt"/>
        <line num="28" count="88" type="stmt"/>
        <line num="29" count="22" type="stmt"/>
        <line num="30" count="22" type="stmt"/>
        <line num="31" count="22" type="stmt"/>
        <line num="32" count="22" type="cond" truecount="1" falsecount="0"/>
        <line num="33" count="88" type="cond" truecount="1" falsecount="0"/>
        <line num="34" count="220" type="stmt"/>
        <line num="35" count="220" type="stmt"/>
        <line num="36" count="220" type="stmt"/>
        <line num="37" count="220" type="stmt"/>
        <line num="38" count="220" type="stmt"/>
        <line num="39" count="88" type="stmt"/>
        <line num="40" count="88" type="stmt"/>
        <line num="41" count="22" type="stmt"/>
        <line num="42" count="22" type="stmt"/>
        <line num="43" count="22" type="stmt"/>
        <line num="44" count="22" type="stmt"/>
        <line num="45" count="22" type="stmt"/>
        <line num="46" count="22" type="stmt"/>
        <line num="47" count="22" type="cond" truecount="1" falsecount="0"/>
        <line num="48" count="88" type="stmt"/>
        <line num="49" count="88" type="stmt"/>
        <line num="50" count="88" type="stmt"/>
        <line num="51" count="22" type="stmt"/>
        <line num="52" count="22" type="stmt"/>
        <line num="53" count="22" type="stmt"/>
        <line num="54" count="22" type="stmt"/>
        <line num="55" count="22" type="stmt"/>
      </file>
    </package>
  </project>
</coverage>
