{"C:\\Github\\learnVitest\\src\\canReconfigure.js": {"path":"C:\\Github\\learnVitest\\src\\canReconfigure.js","all":false,"statementMap":{"0":{"start":{"line":1,"column":0},"end":{"line":1,"column":42}},"1":{"start":{"line":2,"column":0},"end":{"line":2,"column":75}},"2":{"start":{"line":3,"column":0},"end":{"line":3,"column":71}},"3":{"start":{"line":4,"column":0},"end":{"line":4,"column":0}},"4":{"start":{"line":5,"column":0},"end":{"line":5,"column":53}},"5":{"start":{"line":6,"column":0},"end":{"line":6,"column":37}},"6":{"start":{"line":7,"column":0},"end":{"line":7,"column":48}},"7":{"start":{"line":8,"column":0},"end":{"line":8,"column":0}},"8":{"start":{"line":9,"column":0},"end":{"line":9,"column":69}},"9":{"start":{"line":10,"column":0},"end":{"line":10,"column":39}},"10":{"start":{"line":11,"column":0},"end":{"line":11,"column":0}},"11":{"start":{"line":12,"column":0},"end":{"line":12,"column":29}},"12":{"start":{"line":13,"column":0},"end":{"line":13,"column":0}},"13":{"start":{"line":14,"column":0},"end":{"line":14,"column":41}},"14":{"start":{"line":15,"column":0},"end":{"line":15,"column":31}},"15":{"start":{"line":16,"column":0},"end":{"line":16,"column":27}},"16":{"start":{"line":17,"column":0},"end":{"line":17,"column":53}},"17":{"start":{"line":18,"column":0},"end":{"line":18,"column":64}},"18":{"start":{"line":19,"column":0},"end":{"line":19,"column":0}},"19":{"start":{"line":20,"column":0},"end":{"line":20,"column":43}},"20":{"start":{"line":21,"column":0},"end":{"line":21,"column":3}},"21":{"start":{"line":22,"column":0},"end":{"line":22,"column":0}},"22":{"start":{"line":23,"column":0},"end":{"line":23,"column":14}},"23":{"start":{"line":24,"column":0},"end":{"line":24,"column":1}}},"s":{"0":1,"1":8,"2":8,"3":5,"4":5,"5":8,"6":3,"7":3,"8":3,"9":8,"10":3,"11":3,"12":3,"13":8,"14":9,"15":9,"16":9,"17":9,"18":8,"19":8,"20":8,"21":2,"22":2,"23":2},"branchMap":{"0":{"type":"branch","line":1,"loc":{"start":{"line":1,"column":7},"end":{"line":24,"column":1}},"locations":[{"start":{"line":1,"column":7},"end":{"line":24,"column":1}}]},"1":{"type":"branch","line":2,"loc":{"start":{"line":2,"column":32},"end":{"line":2,"column":75}},"locations":[{"start":{"line":2,"column":32},"end":{"line":2,"column":75}}]},"2":{"type":"branch","line":3,"loc":{"start":{"line":3,"column":-2},"end":{"line":3,"column":30}},"locations":[{"start":{"line":3,"column":-2},"end":{"line":3,"column":30}}]},"3":{"type":"branch","line":3,"loc":{"start":{"line":3,"column":30},"end":{"line":3,"column":71}},"locations":[{"start":{"line":3,"column":30},"end":{"line":3,"column":71}}]},"4":{"type":"branch","line":4,"loc":{"start":{"line":4,"column":-2},"end":{"line":6,"column":24}},"locations":[{"start":{"line":4,"column":-2},"end":{"line":6,"column":24}}]},"5":{"type":"branch","line":6,"loc":{"start":{"line":6,"column":24},"end":{"line":6,"column":37}},"locations":[{"start":{"line":6,"column":24},"end":{"line":6,"column":37}}]},"6":{"type":"branch","line":7,"loc":{"start":{"line":7,"column":-2},"end":{"line":10,"column":26}},"locations":[{"start":{"line":7,"column":-2},"end":{"line":10,"column":26}}]},"7":{"type":"branch","line":10,"loc":{"start":{"line":10,"column":26},"end":{"line":10,"column":39}},"locations":[{"start":{"line":10,"column":26},"end":{"line":10,"column":39}}]},"8":{"type":"branch","line":11,"loc":{"start":{"line":11,"column":-2},"end":{"line":14,"column":40}},"locations":[{"start":{"line":11,"column":-2},"end":{"line":14,"column":40}}]},"9":{"type":"branch","line":14,"loc":{"start":{"line":14,"column":40},"end":{"line":21,"column":3}},"locations":[{"start":{"line":14,"column":40},"end":{"line":21,"column":3}}]},"10":{"type":"branch","line":18,"loc":{"start":{"line":18,"column":21},"end":{"line":18,"column":49}},"locations":[{"start":{"line":18,"column":21},"end":{"line":18,"column":49}}]},"11":{"type":"branch","line":18,"loc":{"start":{"line":18,"column":51},"end":{"line":18,"column":64}},"locations":[{"start":{"line":18,"column":51},"end":{"line":18,"column":64}}]},"12":{"type":"branch","line":19,"loc":{"start":{"line":19,"column":-2},"end":{"line":21,"column":3}},"locations":[{"start":{"line":19,"column":-2},"end":{"line":21,"column":3}}]},"13":{"type":"branch","line":22,"loc":{"start":{"line":22,"column":-2},"end":{"line":24,"column":1}},"locations":[{"start":{"line":22,"column":-2},"end":{"line":24,"column":1}}]}},"b":{"0":[8],"1":[2],"2":[6],"3":[1],"4":[5],"5":[2],"6":[3],"7":[0],"8":[3],"9":[9],"10":[2],"11":[1],"12":[8],"13":[2]},"fnMap":{"0":{"name":"canReconfigure","decl":{"start":{"line":1,"column":7},"end":{"line":24,"column":1}},"loc":{"start":{"line":1,"column":7},"end":{"line":24,"column":1}},"line":1}},"f":{"0":8}}
,"C:\\Github\\learnVitest\\src\\fizzbuzz.js": {"path":"C:\\Github\\learnVitest\\src\\fizzbuzz.js","all":false,"statementMap":{"0":{"start":{"line":1,"column":0},"end":{"line":1,"column":37}},"1":{"start":{"line":2,"column":0},"end":{"line":2,"column":79}},"2":{"start":{"line":3,"column":0},"end":{"line":3,"column":0}},"3":{"start":{"line":4,"column":0},"end":{"line":4,"column":64}},"4":{"start":{"line":5,"column":0},"end":{"line":5,"column":0}},"5":{"start":{"line":6,"column":0},"end":{"line":6,"column":56}},"6":{"start":{"line":7,"column":0},"end":{"line":7,"column":0}},"7":{"start":{"line":8,"column":0},"end":{"line":8,"column":18}},"8":{"start":{"line":9,"column":0},"end":{"line":9,"column":0}},"9":{"start":{"line":10,"column":0},"end":{"line":10,"column":61}},"10":{"start":{"line":11,"column":0},"end":{"line":11,"column":50}},"11":{"start":{"line":12,"column":0},"end":{"line":12,"column":5}},"12":{"start":{"line":13,"column":0},"end":{"line":13,"column":5}},"13":{"start":{"line":14,"column":0},"end":{"line":14,"column":27}},"14":{"start":{"line":15,"column":0},"end":{"line":15,"column":0}},"15":{"start":{"line":16,"column":0},"end":{"line":16,"column":42}},"16":{"start":{"line":17,"column":0},"end":{"line":17,"column":48}},"17":{"start":{"line":18,"column":0},"end":{"line":18,"column":38}},"18":{"start":{"line":19,"column":0},"end":{"line":19,"column":41}},"19":{"start":{"line":20,"column":0},"end":{"line":20,"column":0}},"20":{"start":{"line":21,"column":0},"end":{"line":21,"column":41}},"21":{"start":{"line":22,"column":0},"end":{"line":22,"column":2}},"22":{"start":{"line":23,"column":0},"end":{"line":23,"column":0}},"23":{"start":{"line":24,"column":0},"end":{"line":24,"column":3}},"24":{"start":{"line":25,"column":0},"end":{"line":25,"column":45}},"25":{"start":{"line":26,"column":0},"end":{"line":26,"column":2}},"26":{"start":{"line":27,"column":0},"end":{"line":27,"column":36}},"27":{"start":{"line":28,"column":0},"end":{"line":28,"column":29}},"28":{"start":{"line":29,"column":0},"end":{"line":29,"column":43}},"29":{"start":{"line":30,"column":0},"end":{"line":30,"column":4}},"30":{"start":{"line":31,"column":0},"end":{"line":31,"column":3}}},"s":{"0":1,"1":12,"2":11,"3":12,"4":10,"5":10,"6":10,"7":10,"8":10,"9":10,"10":30,"11":10,"12":10,"13":10,"14":10,"15":10,"16":10,"17":10,"18":10,"19":10,"20":12,"21":12,"22":1,"23":1,"24":1,"25":1,"26":1,"27":1,"28":1,"29":1,"30":1},"branchMap":{"0":{"type":"branch","line":1,"loc":{"start":{"line":1,"column":24},"end":{"line":22,"column":2}},"locations":[{"start":{"line":1,"column":24},"end":{"line":22,"column":2}}]},"1":{"type":"branch","line":2,"loc":{"start":{"line":2,"column":34},"end":{"line":2,"column":79}},"locations":[{"start":{"line":2,"column":34},"end":{"line":2,"column":79}}]},"2":{"type":"branch","line":3,"loc":{"start":{"line":3,"column":-2},"end":{"line":4,"column":28}},"locations":[{"start":{"line":3,"column":-2},"end":{"line":4,"column":28}}]},"3":{"type":"branch","line":4,"loc":{"start":{"line":4,"column":28},"end":{"line":4,"column":64}},"locations":[{"start":{"line":4,"column":28},"end":{"line":4,"column":64}}]},"4":{"type":"branch","line":5,"loc":{"start":{"line":5,"column":-2},"end":{"line":21,"column":23}},"locations":[{"start":{"line":5,"column":-2},"end":{"line":21,"column":23}}]},"5":{"type":"branch","line":21,"loc":{"start":{"line":21,"column":23},"end":{"line":21,"column":31}},"locations":[{"start":{"line":21,"column":23},"end":{"line":21,"column":31}}]},"6":{"type":"branch","line":21,"loc":{"start":{"line":21,"column":32},"end":{"line":21,"column":40}},"locations":[{"start":{"line":21,"column":32},"end":{"line":21,"column":40}}]},"7":{"type":"branch","line":10,"loc":{"start":{"line":10,"column":36},"end":{"line":12,"column":3}},"locations":[{"start":{"line":10,"column":36},"end":{"line":12,"column":3}}]},"8":{"type":"branch","line":11,"loc":{"start":{"line":11,"column":35},"end":{"line":11,"column":50}},"locations":[{"start":{"line":11,"column":35},"end":{"line":11,"column":50}}]}},"b":{"0":[12],"1":[1],"2":[11],"3":[1],"4":[10],"5":[0],"6":[10],"7":[30],"8":[14]},"fnMap":{"0":{"name":"fizzbuzz","decl":{"start":{"line":1,"column":24},"end":{"line":22,"column":2}},"loc":{"start":{"line":1,"column":24},"end":{"line":22,"column":2}},"line":1}},"f":{"0":12}}
,"C:\\Github\\learnVitest\\src\\Components\\Calculator.jsx": {"path":"C:\\Github\\learnVitest\\src\\Components\\Calculator.jsx","all":false,"statementMap":{"0":{"start":{"line":1,"column":0},"end":{"line":1,"column":34}},"1":{"start":{"line":2,"column":0},"end":{"line":2,"column":33}},"2":{"start":{"line":3,"column":0},"end":{"line":3,"column":0}},"3":{"start":{"line":4,"column":0},"end":{"line":4,"column":54}},"4":{"start":{"line":5,"column":0},"end":{"line":5,"column":0}},"5":{"start":{"line":6,"column":0},"end":{"line":6,"column":59}},"6":{"start":{"line":7,"column":0},"end":{"line":7,"column":0}},"7":{"start":{"line":8,"column":0},"end":{"line":8,"column":47}},"8":{"start":{"line":9,"column":0},"end":{"line":9,"column":0}},"9":{"start":{"line":10,"column":0},"end":{"line":10,"column":29}},"10":{"start":{"line":11,"column":0},"end":{"line":11,"column":0}},"11":{"start":{"line":12,"column":0},"end":{"line":12,"column":33}},"12":{"start":{"line":13,"column":0},"end":{"line":13,"column":41}},"13":{"start":{"line":14,"column":0},"end":{"line":14,"column":0}},"14":{"start":{"line":15,"column":0},"end":{"line":15,"column":79}},"15":{"start":{"line":16,"column":0},"end":{"line":16,"column":0}},"16":{"start":{"line":17,"column":0},"end":{"line":17,"column":72}},"17":{"start":{"line":18,"column":0},"end":{"line":18,"column":0}},"18":{"start":{"line":19,"column":0},"end":{"line":19,"column":53}},"19":{"start":{"line":20,"column":0},"end":{"line":20,"column":38}},"20":{"start":{"line":21,"column":0},"end":{"line":21,"column":0}},"21":{"start":{"line":22,"column":0},"end":{"line":22,"column":28}},"22":{"start":{"line":23,"column":0},"end":{"line":23,"column":35}},"23":{"start":{"line":24,"column":0},"end":{"line":24,"column":14}},"24":{"start":{"line":25,"column":0},"end":{"line":25,"column":34}},"25":{"start":{"line":26,"column":0},"end":{"line":26,"column":33}},"26":{"start":{"line":27,"column":0},"end":{"line":27,"column":14}},"27":{"start":{"line":28,"column":0},"end":{"line":28,"column":8}},"28":{"start":{"line":29,"column":0},"end":{"line":29,"column":7}},"29":{"start":{"line":30,"column":0},"end":{"line":30,"column":4}},"30":{"start":{"line":31,"column":0},"end":{"line":31,"column":0}},"31":{"start":{"line":32,"column":0},"end":{"line":32,"column":37}},"32":{"start":{"line":33,"column":0},"end":{"line":33,"column":32}},"33":{"start":{"line":34,"column":0},"end":{"line":34,"column":14}},"34":{"start":{"line":35,"column":0},"end":{"line":35,"column":67}},"35":{"start":{"line":36,"column":0},"end":{"line":36,"column":18}},"36":{"start":{"line":37,"column":0},"end":{"line":37,"column":17}},"37":{"start":{"line":38,"column":0},"end":{"line":38,"column":8}},"38":{"start":{"line":39,"column":0},"end":{"line":39,"column":7}},"39":{"start":{"line":40,"column":0},"end":{"line":40,"column":4}},"40":{"start":{"line":41,"column":0},"end":{"line":41,"column":0}},"41":{"start":{"line":42,"column":0},"end":{"line":42,"column":10}},"42":{"start":{"line":43,"column":0},"end":{"line":43,"column":13}},"43":{"start":{"line":44,"column":0},"end":{"line":44,"column":38}},"44":{"start":{"line":45,"column":0},"end":{"line":45,"column":25}},"45":{"start":{"line":46,"column":0},"end":{"line":46,"column":20}},"46":{"start":{"line":47,"column":0},"end":{"line":47,"column":38}},"47":{"start":{"line":48,"column":0},"end":{"line":48,"column":76}},"48":{"start":{"line":49,"column":0},"end":{"line":49,"column":21}},"49":{"start":{"line":50,"column":0},"end":{"line":50,"column":17}},"50":{"start":{"line":51,"column":0},"end":{"line":51,"column":9}},"51":{"start":{"line":52,"column":0},"end":{"line":52,"column":70}},"52":{"start":{"line":53,"column":0},"end":{"line":53,"column":14}},"53":{"start":{"line":54,"column":0},"end":{"line":54,"column":4}},"54":{"start":{"line":55,"column":0},"end":{"line":55,"column":2}}},"s":{"0":1,"1":1,"2":1,"3":1,"4":1,"5":1,"6":1,"7":1,"8":1,"9":1,"10":1,"11":1,"12":22,"13":22,"14":22,"15":22,"16":22,"17":22,"18":22,"19":2,"20":22,"21":22,"22":22,"23":88,"24":88,"25":88,"26":88,"27":88,"28":22,"29":22,"30":22,"31":22,"32":88,"33":220,"34":220,"35":220,"36":220,"37":220,"38":88,"39":88,"40":22,"41":22,"42":22,"43":22,"44":22,"45":22,"46":22,"47":88,"48":88,"49":88,"50":22,"51":22,"52":22,"53":22,"54":22},"branchMap":{"0":{"type":"branch","line":12,"loc":{"start":{"line":12,"column":26},"end":{"line":55,"column":2}},"locations":[{"start":{"line":12,"column":26},"end":{"line":55,"column":2}}]},"1":{"type":"branch","line":15,"loc":{"start":{"line":15,"column":30},"end":{"line":15,"column":79}},"locations":[{"start":{"line":15,"column":30},"end":{"line":15,"column":79}}]},"2":{"type":"branch","line":15,"loc":{"start":{"line":15,"column":42},"end":{"line":15,"column":79}},"locations":[{"start":{"line":15,"column":42},"end":{"line":15,"column":79}}]},"3":{"type":"branch","line":17,"loc":{"start":{"line":17,"column":29},"end":{"line":17,"column":72}},"locations":[{"start":{"line":17,"column":29},"end":{"line":17,"column":72}}]},"4":{"type":"branch","line":17,"loc":{"start":{"line":17,"column":40},"end":{"line":17,"column":72}},"locations":[{"start":{"line":17,"column":40},"end":{"line":17,"column":72}}]},"5":{"type":"branch","line":19,"loc":{"start":{"line":19,"column":33},"end":{"line":20,"column":38}},"locations":[{"start":{"line":19,"column":33},"end":{"line":20,"column":38}}]},"6":{"type":"branch","line":19,"loc":{"start":{"line":19,"column":48},"end":{"line":20,"column":38}},"locations":[{"start":{"line":19,"column":48},"end":{"line":20,"column":38}}]},"7":{"type":"branch","line":22,"loc":{"start":{"line":22,"column":21},"end":{"line":30,"column":4}},"locations":[{"start":{"line":22,"column":21},"end":{"line":30,"column":4}}]},"8":{"type":"branch","line":23,"loc":{"start":{"line":23,"column":20},"end":{"line":29,"column":5}},"locations":[{"start":{"line":23,"column":20},"end":{"line":29,"column":5}}]},"9":{"type":"branch","line":32,"loc":{"start":{"line":32,"column":27},"end":{"line":40,"column":4}},"locations":[{"start":{"line":32,"column":27},"end":{"line":40,"column":4}}]},"10":{"type":"branch","line":33,"loc":{"start":{"line":33,"column":19},"end":{"line":39,"column":5}},"locations":[{"start":{"line":33,"column":19},"end":{"line":39,"column":5}}]},"11":{"type":"branch","line":47,"loc":{"start":{"line":47,"column":22},"end":{"line":50,"column":17}},"locations":[{"start":{"line":47,"column":22},"end":{"line":50,"column":17}}]}},"b":{"0":[22],"1":[220],"2":[8],"3":[22],"4":[1],"5":[88],"6":[2],"7":[22],"8":[88],"9":[88],"10":[220],"11":[88]},"fnMap":{"0":{"name":"Calculator","decl":{"start":{"line":12,"column":26},"end":{"line":55,"column":2}},"loc":{"start":{"line":12,"column":26},"end":{"line":55,"column":2}},"line":12},"1":{"name":"createHandlerNumber","decl":{"start":{"line":15,"column":30},"end":{"line":15,"column":79}},"loc":{"start":{"line":15,"column":30},"end":{"line":15,"column":79}},"line":15},"2":{"name":"evaluateExpression","decl":{"start":{"line":17,"column":29},"end":{"line":17,"column":72}},"loc":{"start":{"line":17,"column":29},"end":{"line":17,"column":72}},"line":17},"3":{"name":"createHandlerOperation","decl":{"start":{"line":19,"column":33},"end":{"line":20,"column":38}},"loc":{"start":{"line":19,"column":33},"end":{"line":20,"column":38}},"line":19},"4":{"name":"renderRows","decl":{"start":{"line":22,"column":21},"end":{"line":30,"column":4}},"loc":{"start":{"line":22,"column":21},"end":{"line":30,"column":4}},"line":22},"5":{"name":"renderRowNumbers","decl":{"start":{"line":32,"column":27},"end":{"line":40,"column":4}},"loc":{"start":{"line":32,"column":27},"end":{"line":40,"column":4}},"line":32}},"f":{"0":22,"1":220,"2":22,"3":88,"4":22,"5":88}}
}
